<?xml version="1.0" encoding="UTF-8"?>
<!-- Generated by org.testng.reporters.JUnitReportReporter -->
<testsuite hostname="DESKTOP-FFIO7TC" failures="0" tests="2" name="practice.HardAssertion" time="0.044" errors="0" timestamp="2025-10-09T12:05:44 IST" skipped="0">
  <testcase classname="practice.HardAssertion" name="ContainsLevelHardAssertion" time="0.040"/>
  <testcase classname="practice.HardAssertion" name="stringLevelHardAssertion" time="0.004"/>
</testsuite> <!-- practice.HardAssertion -->
